<?xml version="1.0" encoding="UTF-8"?>
<testng-results ignored="1" total="6" passed="5" failed="0" skipped="0">
  <reporter-output>
  </reporter-output>
  <suite started-at="2022-03-03T11:01:41 IST" name="Suite" finished-at="2022-03-03T11:01:44 IST" duration-ms="2830">
    <groups>
    </groups>
    <test started-at="2022-03-03T11:01:41 IST" name="Test" finished-at="2022-03-03T11:01:41 IST" duration-ms="74">
      <class name="azureCICD.Test1">
        <test-method signature="failme()[pri:0, instance:azureCICD.Test1@79dc5318]" started-at="2022-03-03T11:01:41 IST" name="failme" finished-at="2022-03-03T11:01:41 IST" duration-ms="19" status="PASS">
          <reporter-output>
          </reporter-output>
        </test-method> <!-- failme -->
        <test-method signature="printme()[pri:0, instance:azureCICD.Test1@79dc5318]" started-at="2022-03-03T11:01:41 IST" name="printme" finished-at="2022-03-03T11:01:41 IST" duration-ms="1" status="PASS">
          <reporter-output>
          </reporter-output>
        </test-method> <!-- printme -->
        <test-method signature="whoisme()[pri:0, instance:azureCICD.Test1@79dc5318]" started-at="2022-03-03T11:01:41 IST" name="whoisme" finished-at="2022-03-03T11:01:41 IST" duration-ms="2" status="PASS">
          <reporter-output>
          </reporter-output>
        </test-method> <!-- whoisme -->
      </class> <!-- azureCICD.Test1 -->
    </test> <!-- Test -->
    <test started-at="2022-03-03T11:01:42 IST" name="Test5" finished-at="2022-03-03T11:01:44 IST" duration-ms="1958">
      <class name="azureCICD.Test5Excel">
        <test-method signature="test5excel(java.lang.String,java.lang.String,java.lang.String)[pri:0, instance:azureCICD.Test5Excel@74589991]" started-at="2022-03-03T11:01:44 IST" name="test5excel" data-provider="dp" finished-at="2022-03-03T11:01:44 IST" duration-ms="217" status="PASS">
          <params>
            <param index="0">
              <value>
                <![CDATA[src1]]>
              </value>
            </param>
            <param index="1">
              <value>
                <![CDATA[trgt1]]>
              </value>
            </param>
            <param index="2">
              <value>
                <![CDATA[worktype1]]>
              </value>
            </param>
          </params>
          <reporter-output>
          </reporter-output>
        </test-method> <!-- test5excel -->
      </class> <!-- azureCICD.Test5Excel -->
    </test> <!-- Test5 -->
    <test started-at="2022-03-03T11:01:44 IST" name="Test6" finished-at="2022-03-03T11:01:44 IST" duration-ms="66">
      <class name="azureCICD.Test6CSV">
        <test-method signature="test5excel(java.lang.String,java.lang.String,java.lang.String)[pri:0, instance:azureCICD.Test6CSV@1046d517]" started-at="2022-03-03T11:01:44 IST" name="test5excel" data-provider="dp" finished-at="2022-03-03T11:01:44 IST" duration-ms="45" status="PASS">
          <params>
            <param index="0">
              <value>
                <![CDATA[src1]]>
              </value>
            </param>
            <param index="1">
              <value>
                <![CDATA[trgt1]]>
              </value>
            </param>
            <param index="2">
              <value>
                <![CDATA[hyhu]]>
              </value>
            </param>
          </params>
          <reporter-output>
          </reporter-output>
        </test-method> <!-- test5excel -->
      </class> <!-- azureCICD.Test6CSV -->
    </test> <!-- Test6 -->
  </suite> <!-- Suite -->
</testng-results>
