<?xml version="1.0" encoding="UTF-8"?>
<!-- Generated by org.testng.reporters.JUnitXMLReporter -->
<testsuite ignored="0" hostname="BRILAP4327" failures="1" tests="1" name="Test5" time="0.836" errors="0" timestamp="2022-03-02T15:21:03 IST">
  <testcase classname="azureCICD.Test5Excel" name="test5excel" time="0.031">
    <failure type="java.lang.AssertionError" message="expected [false] but found [true]">
      <![CDATA[java.lang.AssertionError: expected [false] but found [true]
at azureCICD.Test5Excel.test5excel(Test5Excel.java:26)
at java.base/java.util.ArrayList.forEach(ArrayList.java:1511)
... Removed 31 stack frames]]>
    </failure>
  </testcase> <!-- test5excel -->
</testsuite> <!-- Test5 -->
