<?xml version="1.0" encoding="UTF-8"?>
<!-- Generated by org.testng.reporters.JUnitXMLReporter -->
<testsuite ignored="0" hostname="BRILAP4327" failures="1" tests="1" name="Test4" time="0.253" errors="0" timestamp="2022-03-02T16:01:58 IST">
  <testcase classname="azureCICD.Test4" name="ReaddataAndCompare" time="0.235">
    <failure type="java.lang.AssertionError" message="expected [false] but found [true]">
      <![CDATA[java.lang.AssertionError: expected [false] but found [true]
at azureCICD.Test4.ReaddataAndCompare(Test4.java:76)
at java.base/java.util.ArrayList.forEach(ArrayList.java:1511)
... Removed 31 stack frames]]>
    </failure>
  </testcase> <!-- ReaddataAndCompare -->
</testsuite> <!-- Test4 -->
