<?xml version="1.0" encoding="UTF-8"?>
<!-- Generated by org.testng.reporters.JUnitXMLReporter -->
<testsuite ignored="1" hostname="BRILAP4327" failures="2" tests="5" name="Test" time="0.304" errors="0" timestamp="2022-02-25T16:40:41 IST">
  <testcase classname="azureCICD.Test1" name="failme" time="0.013"/>
  <testcase classname="azureCICD.Test1" name="printme" time="0.001"/>
  <testcase classname="azureCICD.Test1" name="whoisme" time="0.001"/>
  <testcase classname="azureCICD.Test2" name="testcaseimplement2" time="0.191">
    <failure type="java.lang.AssertionError" message="expected [false] but found [true]">
      <![CDATA[java.lang.AssertionError: expected [false] but found [true]
at azureCICD.Test2.testcaseimplement2(Test2.java:30)
at java.base/java.util.ArrayList.forEach(ArrayList.java:1511)
... Removed 31 stack frames]]>
    </failure>
  </testcase> <!-- testcaseimplement2 -->
  <testcase classname="azureCICD.Test3" name="testcaseimplement3" time="0.033">
    <failure type="java.lang.AssertionError" message="expected [false] but found [true]">
      <![CDATA[java.lang.AssertionError: expected [false] but found [true]
at azureCICD.Test3.testcaseimplement3(Test3.java:31)
at java.base/java.util.ArrayList.forEach(ArrayList.java:1511)
... Removed 31 stack frames]]>
    </failure>
  </testcase> <!-- testcaseimplement3 -->
  <testcase classname="azureCICD.Test1" name="skipme" time="0.0">
    <ignored/>
  </testcase> <!-- skipme -->
</testsuite> <!-- Test -->
