<?xml version="1.0" encoding="UTF-8"?>
<!-- Generated by org.testng.reporters.JUnitXMLReporter -->
<testsuite ignored="1" hostname="BRILAP4327" failures="0" tests="3" name="Test" time="0.06" errors="0" timestamp="2022-03-02T15:21:02 IST">
  <testcase classname="azureCICD.Test1" name="failme" time="0.015"/>
  <testcase classname="azureCICD.Test1" name="printme" time="0.001"/>
  <testcase classname="azureCICD.Test1" name="whoisme" time="0.001"/>
  <testcase classname="azureCICD.Test1" name="skipme" time="0.0">
    <ignored/>
  </testcase> <!-- skipme -->
</testsuite> <!-- Test -->
